<?xml version="1.0" encoding="UTF-8"?>
<testng-results skipped="0" failed="0" total="1" passed="1">
  <reporter-output>
  </reporter-output>
  <suite name="Default suite" duration-ms="5775272" started-at="2019-06-25T03:53:24Z" finished-at="2019-06-25T05:29:39Z">
    <groups>
    </groups>
    <test name="Default test" duration-ms="5775272" started-at="2019-06-25T03:53:24Z" finished-at="2019-06-25T05:29:39Z">
      <class name="com.is.automation.test.DownloadURL">
        <test-method status="PASS" signature="downloadURl()[pri:0, instance:com.is.automation.test.DownloadURL@3b6ddd1d]" name="downloadURl" duration-ms="5775263" started-at="2019-06-25T09:23:24Z" finished-at="2019-06-25T10:59:39Z">
          <reporter-output>
          </reporter-output>
        </test-method> <!-- downloadURl -->
      </class> <!-- com.is.automation.test.DownloadURL -->
    </test> <!-- Default test -->
  </suite> <!-- Default suite -->
</testng-results>
